<?xml version="1.0" encoding="UTF-8"?>
<testsuite name="Scenario: Title of your scenario2" time="0.01" tests="8" errors="0" skipped="0" failures="0">
  <properties>
    <property name="PROCESSOR_ARCHITECTURE" value="x86"/>
    <property name="file.encoding.pkg" value="sun.io"/>
    <property name="LOGONSERVER" value="\\ADC21057"/>
    <property name="ProgramData" value="C:\ProgramData"/>
    <property name="java.home" value="C:\Users\ssankhe1\Tools\jdk1.8.0\jdk1.8.0\jre"/>
    <property name="MQ_JAVA_DATA_PATH" value="C:\Program Files (x86)\IBM\WebSphere MQ"/>
    <property name="NODE_NAME" value="master"/>
    <property name="deployment.expiration.check.enabled" value="false"/>
    <property name="ALLUSERSPROFILE" value="C:\ProgramData"/>
    <property name="java.endorsed.dirs" value="C:\Users\ssankhe1\Tools\jdk1.8.0\jdk1.8.0\jre\lib\endorsed"/>
    <property name="TBTF-Firefox" value="\\ms\netlogon\uhg\scripts\em\Firefox"/>
    <property name="PSModulePath" value="C:\Windows\system32\WindowsPowerShell\v1.0\Modules\"/>
    <property name="=::" value="::\"/>
    <property name="USERDOMAIN" value="MS"/>
    <property name="sun.os.patch.level" value="Service Pack 1"/>
    <property name="java.vendor.url" value="http://java.oracle.com/"/>
    <property name="CommonProgramFiles(x86)" value="C:\Program Files (x86)\Common Files"/>
    <property name="java.version" value="1.8.0"/>
    <property name="JOB_NAME" value="MavenProject"/>
    <property name="COMPUTERNAME" value="LH7U05CG6302VSS"/>
    <property name="LSFORCEHOST" value="uft-license1.uhc.com;uft-license2.uhc.com;uft-license3.uhc.com"/>
    <property name="MSJAVA_ENABLE_MONITORS" value="1"/>
    <property name="windows_tracing_logfile" value="C:\BVTBin\Tests\installpackage\csilogfile.log"/>
    <property name="java.vendor.url.bug" value="http://bugreport.sun.com/bugreport/"/>
    <property name="PUBLIC" value="C:\Users\Public"/>
    <property name="user.name" value="ssankhe1"/>
    <property name="sun.io.unicode.encoding" value="UnicodeLittle"/>
    <property name="MQ_JAVA_INSTALL_PATH" value="C:\Program Files (x86)\IBM\WebSphere MQ\Java"/>
    <property name="sun.jnu.encoding" value="Cp1252"/>
    <property name="java.runtime.name" value="Java(TM) SE Runtime Environment"/>
    <property name="windir" value="C:\Windows"/>
    <property name="PROCESSOR_IDENTIFIER" value="Intel64 Family 6 Model 78 Stepping 3, GenuineIntel"/>
    <property name="java.specification.name" value="Java Platform API Specification"/>
    <property name="LOCALAPPDATA" value="C:\Users\ssankhe1\AppData\Local"/>
    <property name="user.timezone" value="America/Chicago"/>
    <property name="PROCESSOR_ARCHITEW6432" value="AMD64"/>
    <property name="GP_SCForceOption" value="1"/>
    <property name="user.script" value=""/>
    <property name="path.separator" value=";"/>
    <property name="NUMBER_OF_PROCESSORS" value="4"/>
    <property name="BUILD_TAG" value="jenkins-MavenProject-28"/>
    <property name="windows_tracing_flags" value="3"/>
    <property name="file.encoding" value="Cp1252"/>
    <property name="lib" value="C:\Program Files (x86)\IBM\WebSphere MQ\tools\lib64"/>
    <property name="sun.java.command" value="jenkins.maven3.agent.Maven33Main C:\Users\ssankhe1\Desktop\ATDD Cloud\Cucumber\apache-maven-3.3.9 C:\Users\ssankhe1\.jenkins\war\WEB-INF\lib\remoting-3.4.jar C:\Users\ssankhe1\.jenkins\plugins\maven-plugin\WEB-INF\lib\maven33-interceptor-1.8.1.jar C:\Users\ssankhe1\.jenkins\plugins\maven-plugin\WEB-INF\lib\maven3-interceptor-commons-1.8.1.jar 56741"/>
    <property name="JENKINS_SERVER_COOKIE" value="9c58db60abb99897"/>
    <property name="LocalDSServer" value="DSMEP0187"/>
    <property name="EXECUTOR_NUMBER" value="1"/>
    <property name="Path" value="C:\Users\ssankhe1\Tools\jdk1.8.0\jdk1.8.0/bin;C:\Program Files (x86)\Java\jdk1.8.0_91\bin;C:\Program Files (x86)\IBM\WebSphere MQ\Java\lib;C:\ProgramData\Oracle\Java\javapath;C:\Program Files (x86)\Intel\iCLS Client\;C:\Program Files\Intel\iCLS Client\;C:\Windows\system32;C:\Windows;C:\Windows\System32\Wbem;C:\Windows\System32\WindowsPowerShell\v1.0\;C:\windows\des_tools;C:\Windows\System32\WindowsPowerShell\v1.0\;C:\Program Files (x86)\Intel\Intel(R) Management Engine Components\DAL;C:\Program Files\Intel\Intel(R) Management Engine Components\DAL;C:\Program Files (x86)\Intel\Intel(R) Management Engine Components\IPT;C:\Program Files\Intel\Intel(R) Management Engine Components\IPT;C:\Program Files\AppSense\Application Manager\Agent\Plugins\EcaRulesEngine\;C:\Program Files (x86)\Sennheiser\SoftphoneSDK\;C:\Program Files (x86)\WebEx\Productivity Tools;C:\Program Files (x86)\HP\Unified Functional Testing\bin;C:\Program Files (x86)\IBM\WebSphere MQ\bin64;C:\Program Files (x86)\IBM\WebSphere MQ\bin;C:\Program Files (x86)\IBM\WebSphere MQ\tools\c\samples\bin;C:\Program Files (x86)\Microsoft SQL Server\100\Tools\Binn\VSShell\Common7\IDE\;C:\Program Files (x86)\Microsoft SQL Server\100\Tools\Binn\;C:\Program Files\Microsoft SQL Server\100\Tools\Binn\;C:\Program Files (x86)\Microsoft Visual Studio 9.0\Common7\IDE\PrivateAssemblies\;C:\Program Files (x86)\Microsoft SQL Server\100\DTS\Binn\;C:\Program Files\Microsoft SQL Server\100\DTS\Binn\;C:\Program Files (x86)\Microsoft SQL Server\80\Tools\Binn\;C:\Program Files (x86)\Plantronics\PlantronicsURE\;C:\Program Files\Java\jre7\bin;C:\Program Files\TortoiseSVN\bin;C:\Program Files\Git\cmd;C:\PROGRA~2\Java\jre1.8.0_51"/>
    <property name="java.io.tmpdir" value="C:\Users\ssankhe1\AppData\Local\Temp\"/>
    <property name="APPDATA" value="C:\Users\ssankhe1\AppData\Roaming"/>
    <property name="user.language" value="en"/>
    <property name="_classload_hook" value="jvmhook"/>
    <property name="line.separator" value="&#10;"/>
    <property name="MAVEN_3_3_9" value="C:\Program Files (x86)\Maven\apache-maven-3.3.9\"/>
    <property name="IBM_JAVA_OPTIONS" value="-Xrunjvmhook -Xbootclasspath/a:&quot;C:\Program Files (x86)\HP\Unified Functional Testing\bin\java_shared\classes;C:\Program Files (x86)\HP\Unified Functional Testing\bin\java_shared\classes\jasmine.jar&quot;"/>
    <property name="M2_HOME" value="C:\Users\ssankhe1\Desktop\ATDD Cloud\Cucumber\apache-maven-3.3.9"/>
    <property name="TBTF-EMIE" value="\\ms\netlogon\UHG\Scripts\EM\EMIE"/>
    <property name="=C:" value="C:\Users\ssankhe1\Desktop\ATDD Cloud"/>
    <property name="java.vm.info" value="mixed mode"/>
    <property name="sun.desktop" value="windows"/>
    <property name="java.vm.specification.name" value="Java Virtual Machine Specification"/>
    <property name="BUILD_DISPLAY_NAME" value="#28"/>
    <property name="OS" value="Windows_NT"/>
    <property name="ANSICON" value="80x300 (80x25)"/>
    <property name="guice.disable.misplaced.annotation.check" value="true"/>
    <property name="HUDSON_SERVER_COOKIE" value="9c58db60abb99897"/>
    <property name="MAVEN_HOME" value="C:\Users\ssankhe1\Desktop\ATDD Cloud\Cucumber\apache-maven-3.3.9"/>
    <property name="SESSIONNAME" value="Console"/>
    <property name="PATHEXT" value=".COM;.EXE;.BAT;.CMD;.VBS;.VBE;.JS;.JSE;.WSF;.WSH;.MSC"/>
    <property name="java.awt.printerjob" value="sun.awt.windows.WPrinterJob"/>
    <property name="maven3.interceptor.common" value="C:\Users\ssankhe1\.jenkins\plugins\maven-plugin\WEB-INF\lib\maven3-interceptor-commons-1.8.1.jar"/>
    <property name="CLASSPATH" value=""/>
    <property name="ST_INSTALL_PATH" value="C:\Program Files (x86)\HP\Unified Functional Testing\"/>
    <property name="GP_AEP2016Status" value="ThisIsNonAEP2016Workstation"/>
    <property name="HOMEPATH" value="\Users\ssankhe1"/>
    <property name="=Z:" value="Z:\"/>
    <property name="os.name" value="Windows 7"/>
    <property name="java.specification.vendor" value="Oracle Corporation"/>
    <property name="FP_NO_HOST_CHECK" value="NO"/>
    <property name="java.vm.name" value="Java HotSpot(TM) 64-Bit Server VM"/>
    <property name="BUILD_NUMBER" value="28"/>
    <property name="maven3.interceptor" value="C:\Users\ssankhe1\.jenkins\plugins\maven-plugin\WEB-INF\lib\maven33-interceptor-1.8.1.jar"/>
    <property name="java.library.path" value="C:\Users\ssankhe1\Tools\jdk1.8.0\jdk1.8.0\bin;C:\Windows\Sun\Java\bin;C:\Windows\system32;C:\Windows;C:\Users\ssankhe1\Desktop\ATDD Cloud\Cucumber\apache-maven-3.3.9/bin;C:\Users\ssankhe1\Tools\jdk1.8.0\jdk1.8.0/bin;C:\Users\ssankhe1\Tools\jdk1.8.0\jdk1.8.0/bin;C:\Program Files (x86)\Java\jdk1.8.0_91\bin;C:\Program Files (x86)\IBM\WebSphere MQ\Java\lib;C:\ProgramData\Oracle\Java\javapath;C:\Program Files (x86)\Intel\iCLS Client\;C:\Program Files\Intel\iCLS Client\;C:\Windows\system32;C:\Windows;C:\Windows\System32\Wbem;C:\Windows\System32\WindowsPowerShell\v1.0\;C:\windows\des_tools;C:\Windows\System32\WindowsPowerShell\v1.0\;C:\Program Files (x86)\Intel\Intel(R) Management Engine Components\DAL;C:\Program Files\Intel\Intel(R) Management Engine Components\DAL;C:\Program Files (x86)\Intel\Intel(R) Management Engine Components\IPT;C:\Program Files\Intel\Intel(R) Management Engine Components\IPT;C:\Program Files\AppSense\Application Manager\Agent\Plugins\EcaRulesEngine\;C:\Program Files (x86)\Sennheiser\SoftphoneSDK\;C:\Program Files (x86)\WebEx\Productivity Tools;C:\Program Files (x86)\HP\Unified Functional Testing\bin;C:\Program Files (x86)\IBM\WebSphere MQ\bin64;C:\Program Files (x86)\IBM\WebSphere MQ\bin;C:\Program Files (x86)\IBM\WebSphere MQ\tools\c\samples\bin;C:\Program Files (x86)\Microsoft SQL Server\100\Tools\Binn\VSShell\Common7\IDE\;C:\Program Files (x86)\Microsoft SQL Server\100\Tools\Binn\;C:\Program Files\Microsoft SQL Server\100\Tools\Binn\;C:\Program Files (x86)\Microsoft Visual Studio 9.0\Common7\IDE\PrivateAssemblies\;C:\Program Files (x86)\Microsoft SQL Server\100\DTS\Binn\;C:\Program Files\Microsoft SQL Server\100\DTS\Binn\;C:\Program Files (x86)\Microsoft SQL Server\80\Tools\Binn\;C:\Program Files (x86)\Plantronics\PlantronicsURE\;C:\Program Files\Java\jre7\bin;C:\Program Files\TortoiseSVN\bin;C:\Program Files\Git\cmd;C:\PROGRA~2\Java\jre1.8.0_51;."/>
    <property name="HOMEDRIVE" value="C:"/>
    <property name="SNOW_INVENTORY_HOME" value="C:\Program Files\INVENTORYCLIENT\"/>
    <property name="POM_GROUPID" value="C3"/>
    <property name="POM_ARTIFACTID" value="C3Testing"/>
    <property name="QT_USE_NATIVE_WINDOWS" value="1"/>
    <property name="java.class.version" value="52.0"/>
    <property name="include" value="C:\Program Files (x86)\IBM\WebSphere MQ\tools\c\include;C:\Program Files (x86)\IBM\WebSphere MQ\tools\cplus\include"/>
    <property name="GP_SCRemoveOption" value="1"/>
    <property name="=Y:" value="Y:\"/>
    <property name="LSHOST" value="uft-license1.uhc.com;uft-license2.uhc.com;uft-license3.uhc.com"/>
    <property name="MQ_FILE_PATH" value="C:\Program Files (x86)\IBM\WebSphere MQ"/>
    <property name="JENKINS_HOME" value="C:\Users\ssankhe1\.jenkins"/>
    <property name="BUILD_ID" value="28"/>
    <property name="TEMP" value="C:\Users\ssankhe1\AppData\Local\Temp"/>
    <property name="sun.boot.library.path" value="C:\Users\ssankhe1\Tools\jdk1.8.0\jdk1.8.0\jre\bin"/>
    <property name="AppSenseHome" value="\\ms\userdata\080\ssankhe1"/>
    <property name="sun.management.compiler" value="HotSpot 64-Bit Tiered Compilers"/>
    <property name="java.awt.graphicsenv" value="sun.awt.Win32GraphicsEnvironment"/>
    <property name="user.variant" value=""/>
    <property name="PROCESSOR_REVISION" value="4e03"/>
    <property name="SID" value="S-1-5-21-588371583-1805265460-4214133073-1764759"/>
    <property name="POM_VERSION" value="0.0.1-SNAPSHOT"/>
    <property name="HUDSON_HOME" value="C:\Users\ssankhe1\.jenkins"/>
    <property name="ProgramFiles(x86)" value="C:\Program Files (x86)"/>
    <property name="PATH+MAVEN" value="C:\Users\ssankhe1\Desktop\ATDD Cloud\Cucumber\apache-maven-3.3.9/bin"/>
    <property name="=X:" value="X:\"/>
    <property name="USERDOMAIN_ROAMINGPROFILE" value="MS"/>
    <property name="PROMPT" value="$P$G"/>
    <property name="REBEL_HOME" value="C:\Users\ssankhe1\Tools\jrebel-5.6.1"/>
    <property name="java.vm.specification.version" value="1.8"/>
    <property name="JAVA_HOME" value="C:\Users\ssankhe1\Tools\jdk1.8.0\jdk1.8.0"/>
    <property name="awt.toolkit" value="sun.awt.windows.WToolkit"/>
    <property name="NODE_LABELS" value="master"/>
    <property name="sun.cpu.isalist" value="amd64"/>
    <property name="USERPROFILE" value="C:\Users\ssankhe1"/>
    <property name="java.ext.dirs" value="C:\Users\ssankhe1\Tools\jdk1.8.0\jdk1.8.0\jre\lib\ext;C:\Windows\Sun\Java\lib\ext"/>
    <property name="os.version" value="6.1"/>
    <property name="user.home" value="C:\Users\ssankhe1"/>
    <property name="USERNAME" value="ssankhe1"/>
    <property name="java.vm.vendor" value="Oracle Corporation"/>
    <property name="PROCESSOR_LEVEL" value="6"/>
    <property name="USERDNSDOMAIN" value="MS.DS.UHC.COM"/>
    <property name="CommonProgramW6432" value="C:\Program Files\Common Files"/>
    <property name="user.dir" value="C:\Users\ssankhe1\workspacemars\C3Testing"/>
    <property name="ProgramW6432" value="C:\Program Files"/>
    <property name="TMP" value="C:\Users\ssankhe1\AppData\Local\Temp"/>
    <property name="_JAVA_OPTIONS" value="-Xrunjvmhook -Xbootclasspath/a:&quot;C:\Program Files (x86)\HP\Unified Functional Testing\bin\java_shared\classes&quot;;&quot;C:\Program Files (x86)\HP\Unified Functional Testing\bin\java_shared\classes\jasmine.jar&quot;"/>
    <property name="sun.cpu.endian" value="little"/>
    <property name="SystemDrive" value="C:"/>
    <property name="java.vm.version" value="25.0-b69"/>
    <property name="java.class.path" value="C:\Users\ssankhe1\.jenkins\plugins\maven-plugin\WEB-INF\lib\maven33-agent-1.8.1.jar;C:\Users\ssankhe1\Desktop\ATDD Cloud\Cucumber\apache-maven-3.3.9\boot\plexus-classworlds-2.5.2.jar;C:\Users\ssankhe1\Desktop\ATDD Cloud\Cucumber\apache-maven-3.3.9/conf/logging"/>
    <property name="org.slf4j.simpleLogger.defaultLogLevel" value="info"/>
    <property name="MAVEN_OPTS" value="-XX:MaxPermSize=1024m -Xmx4096m -XX:-UseGCOverheadLimit"/>
    <property name="ANSICON_DEF" value="7"/>
    <property name="JAVA_TOOL_OPTIONS" value="-agentlib:jvmhook"/>
    <property name="os.arch" value="amd64"/>
    <property name="MAVEN_3_2_3" value="C:\Program Files (x86)\Maven\apache-maven-3.2.3\"/>
    <property name="WORKSPACE" value="C:\Users\ssankhe1\.jenkins\workspace\MavenProject"/>
    <property name="ComSpec" value="C:\Windows\system32\cmd.exe"/>
    <property name="sun.java.launcher" value="SUN_STANDARD"/>
    <property name="SystemRoot" value="C:\Windows"/>
    <property name="CommonProgramFiles" value="C:\Program Files (x86)\Common Files"/>
    <property name="java.vm.specification.vendor" value="Oracle Corporation"/>
    <property name="file.separator" value="\"/>
    <property name="java.runtime.version" value="1.8.0-b129"/>
    <property name="sun.boot.class.path" value="C:\Users\ssankhe1\Tools\jdk1.8.0\jdk1.8.0\jre\lib\resources.jar;C:\Users\ssankhe1\Tools\jdk1.8.0\jdk1.8.0\jre\lib\rt.jar;C:\Users\ssankhe1\Tools\jdk1.8.0\jdk1.8.0\jre\lib\sunrsasign.jar;C:\Users\ssankhe1\Tools\jdk1.8.0\jdk1.8.0\jre\lib\jsse.jar;C:\Users\ssankhe1\Tools\jdk1.8.0\jdk1.8.0\jre\lib\jce.jar;C:\Users\ssankhe1\Tools\jdk1.8.0\jdk1.8.0\jre\lib\charsets.jar;C:\Users\ssankhe1\Tools\jdk1.8.0\jdk1.8.0\jre\lib\jfr.jar;C:\Users\ssankhe1\Tools\jdk1.8.0\jdk1.8.0\jre\classes;C:\Program Files (x86)\HP\Unified Functional Testing\bin\java_shared\classes;C:\Program Files (x86)\HP\Unified Functional Testing\bin\java_shared\classes\jasmine.jar"/>
    <property name="ProgramFiles" value="C:\Program Files (x86)"/>
    <property name="PATH+JDK" value="C:\Users\ssankhe1\Tools\jdk1.8.0\jdk1.8.0/bin"/>
    <property name="user.country" value="US"/>
    <property name="=ExitCode" value="00000000"/>
    <property name="POM_PACKAGING" value="jar"/>
    <property name="maven.home" value="C:\Users\ssankhe1\Desktop\ATDD Cloud\Cucumber\apache-maven-3.3.9"/>
    <property name="JOB_BASE_NAME" value="MavenProject"/>
    <property name="HOME" value="C:\Users\ssankhe1"/>
    <property name="java.vendor" value="Oracle Corporation"/>
    <property name="POM_DISPLAYNAME" value="C3Testing"/>
    <property name="java.specification.version" value="1.8"/>
    <property name="sun.arch.data.model" value="64"/>
  </properties>
  <testcase name="Given I want to write a step with precondition" classname="Scenario: Title of your scenario" time="0.01"/>
  <testcase name="When I complete action" classname="Scenario: Title of your scenario" time="0"/>
  <testcase name="Then I validate the outcomes" classname="Scenario: Title of your scenario" time="0"/>
  <testcase name="Scenario: Title of your scenario" classname="Scenario: Title of your scenario" time="0"/>
  <testcase name="Given I want to write a step with precondition2" classname="Scenario: Title of your scenario2" time="0"/>
  <testcase name="When I complete action2" classname="Scenario: Title of your scenario2" time="0"/>
  <testcase name="Then I validate the outcomes2" classname="Scenario: Title of your scenario2" time="0"/>
  <testcase name="Scenario: Title of your scenario2" classname="Scenario: Title of your scenario2" time="0"/>
</testsuite>